<?xml version="1.0" encoding="UTF-8"?>
<!-- Generated by org.testng.reporters.JUnitReportReporter -->
<testsuite skipped="0" hostname="LAPTOP-3VD88J61" name="com.flipkart.qa.testcases.SearchProduct" tests="1" failures="0" timestamp="24 Sep 2020 09:21:28 GMT" time="49.818" errors="0">
  <testcase name="searchProduct_withinThePriceRange" time="49.818" classname="com.flipkart.qa.testcases.SearchProduct"/>
</testsuite> <!-- com.flipkart.qa.testcases.SearchProduct -->
